INFO:root:(2 points) Is pch set to 20'? is y
INFO:root:(2 points) Are residuals plotted against fitted values (range 64 to about 73 in x-axis)? is y
INFO:root:(2 points) Is there a horizontal line through 0? is y
INFO:root:(2 points) Is there a red regression line? is y
ERROR:root:(2 points) Checking Are there green confidence bands that get wider further from the mean?
ERROR:root:... Expecting: False
ERROR:root:... But got:   n
ERROR:root:(2 points) Checking Are there blue prediction intervals that are parallel?
ERROR:root:... Expecting: False
ERROR:root:... But got:   n
INFO:root:Executed R('load(\'../../instructor/assignments/hw7/hw7-tests.rda\')')
INFO:root:(2 points) R('all.equal(class(fs.lm), "lm")')[0] is True
INFO:root:(2 points) R('all.equal(unname(fs.coef), c(33.886604, 0.514093))')[0] is True
INFO:root:(2 points) R('all.equal(length(fs.predict(fs.lm, 30:90)), 61)')[0] is True
INFO:root:(2 points) R('all.equal(unname(fs.predict(fs.lm, 30:90)), hw7.test.fs.predict)')[0] is True
ERROR:root:(2 points) Checking R('all.equal(unname(fheight.slope.confidence.interval), c(0.4610188, 0.5671673), tolerance=1e-5)')[0]
ERROR:root:... Expecting: True
ERROR:root:... But got:   Attributes: < Modes: list, NULL >
INFO:root:(2 points) R('all.equal(dim(fs.confidence(fs.lm, 30:90)), c(61, 2))')[0] is True
INFO:root:(2 points) R('all.equal(unname(fs.confidence(fs.lm, 30:90)), hw7.test.fs.confidence)')[0] is True
INFO:root:(2 points) R('all.equal(r.squared(hw7.test.y, lm(hw7.test.y ~ hw7.test.x)$fitted.values), hw7.test.rsquare, tolerance=1e-5)')[0] is True
INFO:root:(2 points) R('all.equal(fs.rsquared, 0.25134010224914)')[0] is True
INFO:root:You got a 24 out of 30.
